<?xml version="1.0" encoding="UTF-8"?>
<testsuite xmlns:xsi="http://www.w3.org/2001/XMLSchema-instance" xsi:noNamespaceSchemaLocation="https://maven.apache.org/surefire/maven-surefire-plugin/xsd/surefire-test-report-3.0.xsd" version="3.0" name="TestLogin" time="21.298" tests="15" errors="0" skipped="0" failures="0">
  <properties>
[...]
</properties>
  <testcase name="testValidLogin(String)[5]" classname="TestLogin" time="18.984">
    <system-out><![CDATA[2024-08-19 15:58:00 INFO  TestLogin:26 - Fill user name
2024-08-19 15:58:01 INFO  TestLogin:26 - Fill password
2024-08-19 15:58:01 INFO  TestLogin:33 - Clicking the login button
2024-08-19 15:58:07 INFO  TestLogin:26 - Fill user name
2024-08-19 15:58:08 INFO  TestLogin:26 - Fill password
2024-08-19 15:58:09 INFO  TestLogin:26 - Fill user name
2024-08-19 15:58:09 INFO  TestLogin:33 - Clicking the login button
2024-08-19 15:58:09 INFO  TestLogin:26 - Fill password
2024-08-19 15:58:09 INFO  TestLogin:26 - Fill user name
2024-08-19 15:58:09 INFO  TestLogin:44 - Error message text: Epic sadface: Password is required
2024-08-19 15:58:09 INFO  TestLogin:26 - Fill user name
2024-08-19 15:58:10 INFO  TestLogin:26 - Fill user name
2024-08-19 15:58:10 INFO  TestLogin:26 - Fill password
2024-08-19 15:58:10 INFO  TestLogin:26 - Fill password
2024-08-19 15:58:10 INFO  TestLogin:33 - Clicking the login button
2024-08-19 15:58:10 INFO  TestLogin:33 - Clicking the login button
2024-08-19 15:58:10 INFO  TestLogin:33 - Clicking the login button
2024-08-19 15:58:10 INFO  TestLogin:44 - Error message text: Epic sadface: Password is required
2024-08-19 15:58:11 INFO  TestLogin:26 - Fill user name
2024-08-19 15:58:11 INFO  TestLogin:44 - Error message text: Epic sadface: Username is required
2024-08-19 15:58:12 INFO  TestLogin:26 - Fill password
2024-08-19 15:58:12 INFO  TestLogin:26 - Fill user name
2024-08-19 15:58:12 INFO  TestLogin:26 - Fill user name
2024-08-19 15:58:12 INFO  TestLogin:26 - Fill password
2024-08-19 15:58:12 INFO  TestLogin:26 - Fill user name
2024-08-19 15:58:12 INFO  TestLogin:26 - Fill password
2024-08-19 15:58:12 INFO  TestLogin:26 - Fill password
2024-08-19 15:58:13 INFO  TestLogin:26 - Fill password
2024-08-19 15:58:13 INFO  TestLogin:26 - Fill user name
2024-08-19 15:58:13 INFO  TestLogin:33 - Clicking the login button
2024-08-19 15:58:13 INFO  TestLogin:33 - Clicking the login button
2024-08-19 15:58:13 INFO  TestLogin:33 - Clicking the login button
2024-08-19 15:58:13 INFO  TestLogin:26 - Fill password
2024-08-19 15:58:13 INFO  TestLogin:33 - Clicking the login button
2024-08-19 15:58:13 INFO  TestLogin:33 - Clicking the login button
2024-08-19 15:58:13 INFO  TestLogin:44 - Error message text: Epic sadface: Password is required
2024-08-19 15:58:13 INFO  TestLogin:44 - Error message text: Epic sadface: Username is required
2024-08-19 15:58:13 INFO  TestLogin:44 - Error message text: Epic sadface: Username is required
2024-08-19 15:58:13 INFO  TestLogin:44 - Error message text: Epic sadface: Username is required
2024-08-19 15:58:14 INFO  TestLogin:26 - Fill user name
2024-08-19 15:58:14 INFO  TestLogin:26 - Fill user name
2024-08-19 15:58:14 INFO  TestLogin:26 - Fill password
2024-08-19 15:58:14 INFO  TestLogin:33 - Clicking the login button
2024-08-19 15:58:14 INFO  TestLogin:33 - Clicking the login button
2024-08-19 15:58:14 INFO  TestLogin:26 - Fill user name
2024-08-19 15:58:14 INFO  TestLogin:44 - Error message text: Epic sadface: Username is required
2024-08-19 15:58:15 INFO  TestLogin:26 - Fill password
2024-08-19 15:58:15 INFO  TestLogin:44 - Error message text: Epic sadface: Password is required
2024-08-19 15:58:15 INFO  TestLogin:26 - Fill user name
2024-08-19 15:58:15 INFO  TestLogin:26 - Fill password
2024-08-19 15:58:15 INFO  TestLogin:33 - Clicking the login button
2024-08-19 15:58:15 INFO  TestLogin:26 - Fill password
2024-08-19 15:58:16 INFO  TestLogin:33 - Clicking the login button
2024-08-19 15:58:16 INFO  TestLogin:44 - Error message text: Epic sadface: Password is required
2024-08-19 15:58:16 INFO  TestLogin:33 - Clicking the login button
]]></system-out>
  </testcase>
  <testcase name="testValidLogin(String)[3]" classname="TestLogin" time="20.602"/>
  <testcase name="testPasswordRequired(String)[4]" classname="TestLogin" time="20.891"/>
  <testcase name="testEmptyCredentials(String)[3]" classname="TestLogin" time="20.911"/>
  <testcase name="testEmptyCredentials(String)[2]" classname="TestLogin" time="20.937"/>
  <testcase name="testValidLogin(String)[1]" classname="TestLogin" time="20.968"/>
  <testcase name="testEmptyCredentials(String)[1]" classname="TestLogin" time="20.984"/>
  <testcase name="testEmptyCredentials(String)[4]" classname="TestLogin" time="21.023"/>
  <testcase name="testValidLogin(String)[4]" classname="TestLogin" time="21.046"/>
  <testcase name="testPasswordRequired(String)[2]" classname="TestLogin" time="21.061"/>
  <testcase name="testPasswordRequired(String)[1]" classname="TestLogin" time="21.109"/>
  <testcase name="testPasswordRequired(String)[5]" classname="TestLogin" time="19.508"/>
  <testcase name="testValidLogin(String)[2]" classname="TestLogin" time="21.152"/>
  <testcase name="testPasswordRequired(String)[3]" classname="TestLogin" time="21.2"/>
  <testcase name="testEmptyCredentials(String)[5]" classname="TestLogin" time="19.608"/>
</testsuite>